Building DAG of jobs...
Using shell: /usr/bin/bash
Provided cores: 1 (use --cores to define parallelism)
Rules claiming more threads will be scaled down.
Job stats:
job                      count
---------------------  -------
generateSyntheticData        1
total                        1

Select jobs to execute...
Execute 1 jobs...

[Wed Jun  5 15:10:01 2024]
localrule generateSyntheticData:
    input: ../../../unit-test/test_sp_data.rds
    output: path/to/synthetic/data/test_sp_data_rds_rep1.rds
    jobid: 0
    reason: Missing output files: path/to/synthetic/data/test_sp_data_rds_rep1.rds
    resources: tmpdir=/tmp

[Wed Jun  5 15:10:07 2024]
Error in rule generateSyntheticData:
    jobid: 0
    input: ../../../unit-test/test_sp_data.rds
    output: path/to/synthetic/data/test_sp_data_rds_rep1.rds

Shutting down, this might take some time.
Exiting because a job execution failed. Look above for error message
Complete log: .snakemake/log/2024-06-05T151001.696896.snakemake.log
WorkflowError:
At least one job did not complete successfully.
