Building DAG of jobs...
Using shell: /usr/bin/bash
Provided cores: 1 (use --cores to define parallelism)
Rules claiming more threads will be scaled down.
Job stats:
job                      count
---------------------  -------
generateSyntheticData        1
total                        1

Select jobs to execute...
Execute 1 jobs...

[Wed Jun  5 15:24:47 2024]
localrule generateSyntheticData:
    input: ../../../unit-test/test_sp_data.rds
    output: path/to/synthetic/data/test_sp_data_artificial_uniform_distinct_rep1.rds
    jobid: 0
    reason: Missing output files: path/to/synthetic/data/test_sp_data_artificial_uniform_distinct_rep1.rds
    resources: tmpdir=/tmp

[Wed Jun  5 15:24:49 2024]
Finished job 0.
1 of 1 steps (100%) done
Complete log: .snakemake/log/2024-06-05T152447.942109.snakemake.log
